c:\users\eve\desktop\evolution\evolution\evolution\debug\vc140.pdb
c:\users\eve\desktop\evolution\evolution\evolution\debug\vc140.idb
c:\users\eve\desktop\evolution\evolution\evolution\debug\envirocell.obj
c:\users\eve\desktop\evolution\evolution\evolution\debug\environment.obj
c:\users\eve\desktop\evolution\evolution\evolution\debug\organism.obj
c:\users\eve\desktop\evolution\evolution\evolution\debug\main.obj
c:\users\eve\desktop\evolution\evolution\evolution\debug\server.obj
c:\users\evie\desktop\evolution\evolution\evolution\debug\vc140.pdb
c:\users\evie\desktop\evolution\evolution\evolution\debug\vc140.idb
c:\users\evie\desktop\evolution\evolution\evolution\debug\envirocell.obj
c:\users\evie\desktop\evolution\evolution\evolution\debug\environment.obj
c:\users\evie\desktop\evolution\evolution\evolution\debug\server.obj
c:\users\evie\desktop\evolution\evolution\evolution\debug\main.obj
c:\users\evie\desktop\evolution\evolution\evolution\debug\organism.obj
c:\users\eve\desktop\evolution\evolution\debug\evolution.ilk
c:\users\eve\desktop\evolution\evolution\debug\evolution.exe
c:\users\eve\desktop\evolution\evolution\debug\evolution.pdb
c:\users\evie\desktop\evolution\evolution\debug\evolution.pdb
c:\users\evie\desktop\evolution\evolution\evolution\debug\evolution.tlog\cl.command.1.tlog
c:\users\evie\desktop\evolution\evolution\evolution\debug\evolution.tlog\cl.read.1.tlog
c:\users\evie\desktop\evolution\evolution\evolution\debug\evolution.tlog\cl.write.1.tlog
c:\users\evie\desktop\evolution\evolution\evolution\debug\evolution.tlog\link-cvtres.read.1.tlog
c:\users\evie\desktop\evolution\evolution\evolution\debug\evolution.tlog\link-cvtres.write.1.tlog
c:\users\evie\desktop\evolution\evolution\evolution\debug\evolution.tlog\link-rc.read.1.tlog
c:\users\evie\desktop\evolution\evolution\evolution\debug\evolution.tlog\link-rc.write.1.tlog
c:\users\evie\desktop\evolution\evolution\evolution\debug\evolution.tlog\link.command.1.tlog
c:\users\evie\desktop\evolution\evolution\evolution\debug\evolution.tlog\link.read.1.tlog
c:\users\evie\desktop\evolution\evolution\evolution\debug\evolution.tlog\link.write.1.tlog
